<?xml version="1.0" encoding="UTF-8"?>
<testsuite name="QueenMoveTest" tests="3" skipped="0" failures="0" errors="0" timestamp="2016-04-18T23:39:16" hostname="epicodus-42.local" time="0.003">
  <properties/>
  <testcase name="isQueenMove_forHorizontalPieces_Boolean" classname="QueenMoveTest" time="0.003"/>
  <testcase name="isQueenMove_forDiagonalPieces_Boolean" classname="QueenMoveTest" time="0.0"/>
  <testcase name="isQueenMove_forVerticalPieces_Boolean" classname="QueenMoveTest" time="0.0"/>
  <system-out><![CDATA[]]></system-out>
  <system-err><![CDATA[]]></system-err>
</testsuite>
